e:\nam2_hocki2\oop\lt\galaxy-game\galaxy-game\debug\vc142.pdb
e:\nam2_hocki2\oop\lt\galaxy-game\galaxy-game\debug\vc142.idb
e:\nam2_hocki2\oop\lt\galaxy-game\galaxy-game\debug\main.obj
e:\nam2_hocki2\oop\lt\galaxy-game\galaxy-game\debug\commonfunction.obj
e:\nam2_hocki2\oop\lt\galaxy-game\galaxy-game\debug\spaceship.obj
e:\nam2_hocki2\oop\lt\galaxy-game\galaxy-game\debug\baseobject.obj
e:\nam2_hocki2\oop\lt\galaxy-game\galaxy-game\debug\laser.obj
e:\nam2_hocki2\oop\lt\galaxy-game\galaxy-game\debug\threatobject.obj
e:\nam2_hocki2\oop\lt\galaxy-game\galaxy-game\debug\ufo.obj
e:\nam2_hocki2\oop\lt\galaxy-game\galaxy-game\debug\boss.obj
e:\nam2_hocki2\oop\lt\galaxy-game\galaxy-game\debug\explosionobject.obj
e:\nam2_hocki2\oop\lt\galaxy-game\galaxy-game\debug\textobject.obj
e:\nam2_hocki2\oop\lt\galaxy-game\galaxy-game\debug\game.obj
e:\nam2_hocki2\oop\lt\galaxy-game\galaxy-game\debug\menu.obj
e:\nam2_hocki2\oop\lt\galaxy-game\galaxy-game\debug\startmenu.obj
e:\nam2_hocki2\oop\lt\galaxy-game\galaxy-game\debug\gameovermenu.obj
e:\nam2_hocki2\oop\lt\galaxy-game\galaxy-game\debug\helpmenu.obj
e:\nam2_hocki2\oop\lt\galaxy-game\galaxy-game\debug\settingmenu.obj
e:\nam2_hocki2\oop\lt\galaxy-game\galaxy-game\debug\soundmark.obj
e:\nam2_hocki2\oop\lt\galaxy-game\galaxy-game\debug\audioicon.obj
e:\nam2_hocki2\oop\lt\galaxy-game\debug\galaxy-game.exe
e:\nam2_hocki2\oop\lt\galaxy-game\debug\galaxy-game.ilk
e:\nam2_hocki2\oop\lt\galaxy-game\debug\galaxy-game.pdb
e:\nam2_hocki2\oop\lt\galaxy-game\galaxy-game\debug\commonfuction.obj
e:\nam2_hocki2\oop\lt\galaxy-game\galaxy-game\debug\game.obj.enc
e:\nam2_hocki2\oop\lt\galaxy-game\galaxy-game\debug\menu.obj.enc
e:\nam2_hocki2\oop\lt\galaxy-game\galaxy-game\debug\galaxy-game.tlog\cl.command.1.tlog
e:\nam2_hocki2\oop\lt\galaxy-game\galaxy-game\debug\galaxy-game.tlog\cl.read.1.tlog
e:\nam2_hocki2\oop\lt\galaxy-game\galaxy-game\debug\galaxy-game.tlog\cl.write.1.tlog
e:\nam2_hocki2\oop\lt\galaxy-game\galaxy-game\debug\galaxy-game.tlog\link.command.1.tlog
e:\nam2_hocki2\oop\lt\galaxy-game\galaxy-game\debug\galaxy-game.tlog\link.read.1.tlog
e:\nam2_hocki2\oop\lt\galaxy-game\galaxy-game\debug\galaxy-game.tlog\link.write.1.tlog
